MutiboClient/build/outputs/apk/manifest-merger-debug-report.txt
-- Merging decision tree log ---
manifest
ADDED from AndroidManifest.xml:2:1
	package
		ADDED from AndroidManifest.xml:3:5
	android:versionName
		ADDED from AndroidManifest.xml:5:5
	android:versionCode
		ADDED from AndroidManifest.xml:4:5
		INJECTED from AndroidManifest.xml:0:0
		INJECTED from AndroidManifest.xml:0:0
	xmlns:android
		ADDED from AndroidManifest.xml:2:11
uses-sdk
ADDED from AndroidManifest.xml:7:5
	android:targetSdkVersion
		ADDED from AndroidManifest.xml:9:9
	android:minSdkVersion
		ADDED from AndroidManifest.xml:8:9
uses-permission#android.permission.INTERNET
ADDED from AndroidManifest.xml:11:5
	android:name
		ADDED from AndroidManifest.xml:11:22
application
ADDED from AndroidManifest.xml:13:5
	android:label
		ADDED from AndroidManifest.xml:16:9
	android:allowBackup
		ADDED from AndroidManifest.xml:14:9
	android:icon
		ADDED from AndroidManifest.xml:15:9
activity#org.springframework.android.basicauth.MainActivity
ADDED from AndroidManifest.xml:17:9
	android:label
		ADDED from AndroidManifest.xml:19:13
	android:name
		ADDED from AndroidManifest.xml:18:13
intent-filter#android.intent.action.MAIN+android.intent.category.LAUNCHER
ADDED from AndroidManifest.xml:20:13
action#android.intent.action.MAIN
ADDED from AndroidManifest.xml:21:17
	android:name
		ADDED from AndroidManifest.xml:21:25
category#android.intent.category.LAUNCHER
ADDED from AndroidManifest.xml:23:17
	android:name
		ADDED from AndroidManifest.xml:23:27
activity#org.springframework.android.basicauth.SignupActivity
ADDED from AndroidManifest.xml:26:9
	android:name
		ADDED from AndroidManifest.xml:26:19
activity#org.springframework.android.basicauth.PlayActivity
ADDED from AndroidManifest.xml:27:9
	android:name
		ADDED from AndroidManifest.xml:27:19
activity#org.springframework.android.basicauth.GameActivity
ADDED from AndroidManifest.xml:28:9
	android:name
		ADDED from AndroidManifest.xml:28:19
activity#org.springframework.android.basicauth.AddSetActivity
ADDED from AndroidManifest.xml:29:9
	android:name
		ADDED from AndroidManifest.xml:29:19